<?xml version="1.0" encoding="UTF-8"?>
<!-- Generated by org.testng.reporters.JUnitReportReporter -->
<testsuite hostname="DESKTOP-G9BFR4T" failures="0" tests="2" name="TestNGPractice.DataProviderEx3CreateOrg" time="104.126" errors="0" timestamp="2024-08-30T20:10:48 IST" skipped="0">
  <testcase classname="TestNGPractice.DataProviderEx3CreateOrg" name="CreateOrgModuleTest" time="62.680"/>
  <system-out/>
  <testcase classname="TestNGPractice.DataProviderEx3CreateOrg" name="CreateOrgModuleTest" time="41.446"/>
  <system-out/>
</testsuite> <!-- TestNGPractice.DataProviderEx3CreateOrg -->
