<?xml version="1.0" encoding="UTF-8"?>
<!-- Generated by org.testng.reporters.JUnitReportReporter -->
<testsuite hostname="DESKTOP-G9BFR4T" failures="0" tests="3" name="TestNGPractice.SampleTest" time="0.048" errors="0" timestamp="2024-08-29T20:21:13 IST" skipped="0">
  <testcase classname="TestNGPractice.SampleTest" name="createProduct" time="0.034"/>
  <system-out/>
  <testcase classname="TestNGPractice.SampleTest" name="modifyProduct" time="0.010"/>
  <system-out/>
  <testcase classname="TestNGPractice.SampleTest" name="deleteProduct" time="0.004"/>
  <system-out/>
</testsuite> <!-- TestNGPractice.SampleTest -->
