<?xml version="1.0" encoding="UTF-8"?>
<!-- Generated by org.testng.reporters.JUnitReportReporter -->
<testsuite hostname="DESKTOP-G9BFR4T" failures="0" tests="3" name="TestNGPractice.DataProvider1" time="0.126" errors="0" timestamp="2024-08-30T19:43:33 IST" skipped="0">
  <testcase classname="TestNGPractice.DataProvider1" name="bookTickets" time="0.082"/>
  <system-out/>
  <testcase classname="TestNGPractice.DataProvider1" name="bookTickets" time="0.015"/>
  <system-out/>
  <testcase classname="TestNGPractice.DataProvider1" name="bookTickets" time="0.029"/>
  <system-out/>
</testsuite> <!-- TestNGPractice.DataProvider1 -->
