<?xml version="1.0" encoding="UTF-8"?>
<!-- Generated by org.testng.reporters.JUnitReportReporter -->
<testsuite hostname="DESKTOP-G9BFR4T" failures="0" tests="1" name="Organization.CreateOrganizationTest" time="46.515" errors="0" timestamp="2024-09-02T19:43:21 IST" skipped="0">
  <testcase classname="Organization.CreateOrganizationTest" name="createOrganizationTest" time="46.515"/>
  <system-out/>
</testsuite> <!-- Organization.CreateOrganizationTest -->
