<?xml version="1.0" encoding="UTF-8"?>
<!-- Generated by org.testng.reporters.JUnitReportReporter -->
<testsuite hostname="DESKTOP-G9BFR4T" failures="0" tests="2" name="TestNGPractice.DataProvider2" time="0.200" errors="0" timestamp="2024-08-30T20:06:21 IST" skipped="0">
  <testcase classname="TestNGPractice.DataProvider2" name="bookTickets" time="0.161"/>
  <system-out/>
  <testcase classname="TestNGPractice.DataProvider2" name="bookTickets" time="0.039"/>
  <system-out/>
</testsuite> <!-- TestNGPractice.DataProvider2 -->
