<?xml version="1.0" encoding="UTF-8"?>
<!-- Generated by org.testng.reporters.JUnitReportReporter -->
<testsuite hostname="DESKTOP-G9BFR4T" failures="0" tests="1" name="Campaigns.CreateCampaignsTest" time="16.780" errors="0" timestamp="2024-09-02T20:20:39 IST" skipped="0">
  <testcase classname="Campaigns.CreateCampaignsTest" name="createCampaignsTest" time="16.780"/>
  <system-out/>
</testsuite> <!-- Campaigns.CreateCampaignsTest -->
